  Main_EmptyViewer.cpp
  GLM: rotate function taking degrees as a parameter is deprecated. #define GLM_FORCE_RADIANS before including GLM headers to remove this message.
  GLM: rotate_slow function taking degrees as a parameter is deprecated. #define GLM_FORCE_RADIANS before including GLM headers to remove this message.
  GLM: perspective function taking degrees as a parameter is deprecated. #define GLM_FORCE_RADIANS before including GLM headers to remove this message.
  GLM: perspectiveFov function taking degrees as a parameter is deprecated. #define GLM_FORCE_RADIANS before including GLM headers to remove this message.
  GLM: infinitePerspective function taking degrees as a parameter is deprecated. #define GLM_FORCE_RADIANS before including GLM headers to remove this message.
  GLM: tweakedInfinitePerspective function taking degrees as a parameter is deprecated. #define GLM_FORCE_RADIANS before including GLM headers to remove this message.
  GLM: rotate function taking degrees as a parameter is deprecated. #define GLM_FORCE_RADIANS before including GLM headers to remove this message.
  GLM: roll function returning degrees is deprecated. #define GLM_FORCE_RADIANS before including GLM headers to remove this message.
  GLM: pitch function returning degrees is deprecated. #define GLM_FORCE_RADIANS before including GLM headers to remove this message.
  GLM: yaw function returning degrees is deprecated. #define GLM_FORCE_RADIANS before including GLM headers to remove this message.
  GLM: angle function returning degrees is deprecated. #define GLM_FORCE_RADIANS before including GLM headers to remove this message.
  GLM: angleAxis function taking degrees as a parameter is deprecated. #define GLM_FORCE_RADIANS before including GLM headers to remove this message.
C:\Users\taka\Desktop\CGAssignment2-main\EmptyViewer\Main_EmptyViewer.cpp(103,9): warning C4101: 't' :참조되지 않은 지역 변수입니다.
C:\Users\taka\Desktop\CGAssignment2-main\EmptyViewer\Main_EmptyViewer.cpp(117,29): warning C4244: '인수': 'double'에서 'const T'(으)로 변환하면서 데이터가 손실될 수 있습니다.
C:\Users\taka\Desktop\CGAssignment2-main\EmptyViewer\Main_EmptyViewer.cpp(117,29): warning C4244:         with
C:\Users\taka\Desktop\CGAssignment2-main\EmptyViewer\Main_EmptyViewer.cpp(117,29): warning C4244:         [
C:\Users\taka\Desktop\CGAssignment2-main\EmptyViewer\Main_EmptyViewer.cpp(117,29): warning C4244:             T=float
C:\Users\taka\Desktop\CGAssignment2-main\EmptyViewer\Main_EmptyViewer.cpp(117,29): warning C4244:         ]
C:\Users\taka\Desktop\CGAssignment2-main\EmptyViewer\Main_EmptyViewer.cpp(169,34): warning C4305: '인수': 'double'에서 'float'(으)로 잘립니다.
C:\Users\taka\Desktop\CGAssignment2-main\EmptyViewer\Main_EmptyViewer.cpp(232,34): warning C4305: '인수': 'double'에서 'float'(으)로 잘립니다.
C:\Users\taka\Desktop\CGAssignment2-main\EmptyViewer\Main_EmptyViewer.cpp(244,10): warning C4101: 't' :참조되지 않은 지역 변수입니다.
  LINK : C:\Users\taka\Desktop\CGAssignment2-main\bin\EmptyViewer.exe을(를) 찾을 수 없거나 마지막 증분 링크에 의해 빌드되지 않았습니다. 전체 링크를 수행하고 있습니다.
  EmptyViewer.vcxproj -> C:\Users\taka\Desktop\CGAssignment2-main\bin\EmptyViewer.exe
